Using pre-set license

 COMMAND LINE ARGUMENTS:
/Applications/Unity/Hub/Editor/2020.2.1f1/Unity.app/Contents/MacOS/Unity
-adb2
-batchMode
-noUpm
-name
AssetImportWorker0
-projectPath
/Users/tylerprince/Documents/GitHub/Spaceship1/Spaceship1
-logFile
Logs/AssetImportWorker0.log
-srvPort
49503
Successfully changed project path to: /Users/tylerprince/Documents/GitHub/Spaceship1/Spaceship1
/Users/tylerprince/Documents/GitHub/Spaceship1/Spaceship1
Using Asset Import Pipeline V2.
Refreshing native plugins compatible for Editor in 21.46 ms, found 1 plugins.
Preloading 0 native plugins for Editor in 0.00 ms.
Initialize engine version: 2020.2.1f1 (270dd8c3da1c)
[Subsystems] Discovering subsystems at path /Applications/Unity/Hub/Editor/2020.2.1f1/Unity.app/Contents/Resources/UnitySubsystems
[Subsystems] Discovering subsystems at path /Users/tylerprince/Documents/GitHub/Spaceship1/Spaceship1/Assets
GfxDevice: creating device client; threaded=0
2021-01-19 14:35:14.714 Unity[89519:27525297] iMac preferred device: AMD Radeon Pro Vega 56 (high power)
2021-01-19 14:35:14.714 Unity[89519:27525297] Metal devices available: 1
2021-01-19 14:35:14.714 Unity[89519:27525297] 0: AMD Radeon Pro Vega 56 (high power)
2021-01-19 14:35:14.716 Unity[89519:27525297] Using device AMD Radeon Pro Vega 56 (high power)
Initializing Metal device caps: AMD Radeon Pro Vega 56
Initialize mono
Mono path[0] = '/Applications/Unity/Hub/Editor/2020.2.1f1/Unity.app/Contents/Managed'
Mono path[1] = '/Applications/Unity/Hub/Editor/2020.2.1f1/Unity.app/Contents/MonoBleedingEdge/lib/mono/unityjit'
Mono config path = '/Applications/Unity/Hub/Editor/2020.2.1f1/Unity.app/Contents/MonoBleedingEdge/etc'
Using monoOptions --debugger-agent=transport=dt_socket,embedding=1,server=y,suspend=n,address=127.0.0.1:56519
Begin MonoManager ReloadAssembly
Registering precompiled unity dll's ...
Register platform support module: /Applications/Unity/Hub/Editor/2020.2.1f1/Unity.app/Contents/PlaybackEngines/MacStandaloneSupport/UnityEditor.OSXStandalone.Extensions.dll
Registered in 0.000471 seconds.
Native extension for OSXStandalone target not found
Refreshing native plugins compatible for Editor in 21.82 ms, found 1 plugins.
Preloading 0 native plugins for Editor in 0.00 ms.
Invoked RoslynAnalysisRunner static constructor.
RoslynAnalysisRunner will not be running.
RoslynAnalysisRunner has terminated.
Mono: successfully reloaded assembly
- Completed reload, in  1.699 seconds
Platform modules already initialized, skipping
Registering precompiled user dll's ...
Registered in 0.000341 seconds.
Begin MonoManager ReloadAssembly
Native extension for OSXStandalone target not found
Refreshing native plugins compatible for Editor in 0.23 ms, found 1 plugins.
Preloading 0 native plugins for Editor in 0.00 ms.
Invoked RoslynAnalysisRunner static constructor.
RoslynAnalysisRunner will not be running.
RoslynAnalysisRunner has terminated.
Mono: successfully reloaded assembly
- Completed reload, in  0.822 seconds
Platform modules already initialized, skipping
========================================================================
Worker process is ready to serve import requests
Launching external process: /Applications/Unity/Hub/Editor/2020.2.1f1/Unity.app/Contents/Tools/UnityShaderCompiler
Launched and connected shader compiler UnityShaderCompiler after 0.02 seconds
Refreshing native plugins compatible for Editor in 0.23 ms, found 1 plugins.
Preloading 0 native plugins for Editor in 0.00 ms.
Unloading 1101 Unused Serialized files (Serialized files now loaded: 0)
System memory in use before: 121.2 MB.
System memory in use after: 121.3 MB.

Unloading 10 unused Assets to reduce memory usage. Loaded Objects now: 1540.
Total: 2.051897 ms (FindLiveObjects: 0.178971 ms CreateObjectMapping: 0.026836 ms MarkObjects: 1.762002 ms  DeleteObjects: 0.082586 ms)

========================================================================
Received Import Request.
  path: Assets/background-music.wav
  artifactKey: Guid(e19355b579d3047fa8a0c86006020517) Importer(815301076,1909f56bfc062723c751e8b465ee728b)
Start importing Assets/background-music.wav using Guid(e19355b579d3047fa8a0c86006020517) Importer(815301076,1909f56bfc062723c751e8b465ee728b)  -> (artifact id: 'd0a822e898aa04dfceb9c6bc62132633') in 0.353519 seconds
  Import took 0.355723 seconds .

========================================================================
Received Prepare
Registering precompiled user dll's ...
Registered in 0.000443 seconds.
Begin MonoManager ReloadAssembly
Native extension for OSXStandalone target not found
Refreshing native plugins compatible for Editor in 0.24 ms, found 1 plugins.
Preloading 0 native plugins for Editor in 0.00 ms.
Invoked RoslynAnalysisRunner static constructor.
RoslynAnalysisRunner will not be running.
RoslynAnalysisRunner has terminated.
Mono: successfully reloaded assembly
- Completed reload, in  0.763 seconds
Platform modules already initialized, skipping
Refreshing native plugins compatible for Editor in 0.22 ms, found 1 plugins.
Preloading 0 native plugins for Editor in 0.00 ms.
Unloading 1096 Unused Serialized files (Serialized files now loaded: 0)
System memory in use before: 129.3 MB.
System memory in use after: 129.4 MB.

Unloading 5 unused Assets to reduce memory usage. Loaded Objects now: 1551.
Total: 1.842841 ms (FindLiveObjects: 0.178117 ms CreateObjectMapping: 0.036870 ms MarkObjects: 1.581598 ms  DeleteObjects: 0.045061 ms)

========================================================================
Received Import Request.
  Time since last request: 0.972939 seconds.
  path: Assets/flint_like_rock_4787.jpg
  artifactKey: Guid(ecf51f0258e9c42c58a8d9f59145b30b) Importer(815301076,1909f56bfc062723c751e8b465ee728b)
Start importing Assets/flint_like_rock_4787.jpg using Guid(ecf51f0258e9c42c58a8d9f59145b30b) Importer(815301076,1909f56bfc062723c751e8b465ee728b)  -> (artifact id: 'a1f8acccc0c3d83353f56888f3567d52') in 0.349746 seconds
  Import took 0.352007 seconds .

========================================================================
Received Import Request.
  Time since last request: 0.000200 seconds.
  path: Assets/shoot.wav
  artifactKey: Guid(9b9ca3961319c48e9bb09c1c38b2b351) Importer(815301076,1909f56bfc062723c751e8b465ee728b)
Start importing Assets/shoot.wav using Guid(9b9ca3961319c48e9bb09c1c38b2b351) Importer(815301076,1909f56bfc062723c751e8b465ee728b)  -> (artifact id: '37d15b3e9293b2a609584271f008db9b') in 0.021833 seconds
  Import took 0.023863 seconds .

========================================================================
Received Import Request.
  Time since last request: 0.000174 seconds.
  path: Assets/explosion.wav
  artifactKey: Guid(9ed9d3d14f79f4c38ab818427b90a692) Importer(815301076,1909f56bfc062723c751e8b465ee728b)
Start importing Assets/explosion.wav using Guid(9ed9d3d14f79f4c38ab818427b90a692) Importer(815301076,1909f56bfc062723c751e8b465ee728b)  -> (artifact id: 'c229bc9f7853742507bf2c703735f8f8') in 0.005681 seconds
  Import took 0.007459 seconds .

========================================================================
Received Prepare
Registering precompiled user dll's ...
Registered in 0.000302 seconds.
Begin MonoManager ReloadAssembly
Native extension for OSXStandalone target not found
Refreshing native plugins compatible for Editor in 0.22 ms, found 1 plugins.
Preloading 0 native plugins for Editor in 0.00 ms.
Invoked RoslynAnalysisRunner static constructor.
RoslynAnalysisRunner will not be running.
RoslynAnalysisRunner has terminated.
Mono: successfully reloaded assembly
- Completed reload, in  0.772 seconds
Platform modules already initialized, skipping
Refreshing native plugins compatible for Editor in 0.18 ms, found 1 plugins.
Preloading 0 native plugins for Editor in 0.00 ms.
Unloading 1096 Unused Serialized files (Serialized files now loaded: 0)
System memory in use before: 133.9 MB.
System memory in use after: 133.9 MB.

Unloading 5 unused Assets to reduce memory usage. Loaded Objects now: 1556.
Total: 1.773960 ms (FindLiveObjects: 0.189396 ms CreateObjectMapping: 0.042092 ms MarkObjects: 1.506854 ms  DeleteObjects: 0.034769 ms)

========================================================================
Received Prepare
Registering precompiled user dll's ...
Registered in 0.000292 seconds.
Begin MonoManager ReloadAssembly
Native extension for OSXStandalone target not found
Refreshing native plugins compatible for Editor in 0.22 ms, found 1 plugins.
Preloading 0 native plugins for Editor in 0.00 ms.
Invoked RoslynAnalysisRunner static constructor.
RoslynAnalysisRunner will not be running.
RoslynAnalysisRunner has terminated.
Mono: successfully reloaded assembly
- Completed reload, in  0.764 seconds
Platform modules already initialized, skipping
Refreshing native plugins compatible for Editor in 0.20 ms, found 1 plugins.
Preloading 0 native plugins for Editor in 0.00 ms.
Unloading 1096 Unused Serialized files (Serialized files now loaded: 0)
System memory in use before: 134.2 MB.
System memory in use after: 134.2 MB.

Unloading 5 unused Assets to reduce memory usage. Loaded Objects now: 1558.
Total: 1.685020 ms (FindLiveObjects: 0.151469 ms CreateObjectMapping: 0.023466 ms MarkObjects: 1.473526 ms  DeleteObjects: 0.035869 ms)

========================================================================
Received Import Request.
  Time since last request: 298.071293 seconds.
  path: Assets/hextraction_pod.fbx
  artifactKey: Guid(ca9b2aff78c2f411d94db95679cef0b3) Importer(815301076,1909f56bfc062723c751e8b465ee728b)
Start importing Assets/hextraction_pod.fbx using Guid(ca9b2aff78c2f411d94db95679cef0b3) Importer(815301076,1909f56bfc062723c751e8b465ee728b)  -> (artifact id: '1acb7d2bd4ed1c0c54f09c7196b34da1') in 0.957496 seconds
  Import took 0.960356 seconds .

========================================================================
Received Import Request.
  Time since last request: 0.000317 seconds.
  path: Assets/p_pod_normal.jpg
  artifactKey: Guid(48201462819194ec1a49587f93ab9a8a) Importer(815301076,1909f56bfc062723c751e8b465ee728b)
Start importing Assets/p_pod_normal.jpg using Guid(48201462819194ec1a49587f93ab9a8a) Importer(815301076,1909f56bfc062723c751e8b465ee728b)  -> (artifact id: '95c0b17b53abe886eeb73a2edf47af94') in 0.011928 seconds
  Import took 0.014021 seconds .

========================================================================
Received Import Request.
  Time since last request: 0.000168 seconds.
  path: Assets/p_pod_diffuse.jpg
  artifactKey: Guid(dcfcefdf5950543b3a58590f78060f68) Importer(815301076,1909f56bfc062723c751e8b465ee728b)
Start importing Assets/p_pod_diffuse.jpg using Guid(dcfcefdf5950543b3a58590f78060f68) Importer(815301076,1909f56bfc062723c751e8b465ee728b)  -> (artifact id: 'cc26699161509578497b9514336423ce') in 0.006164 seconds
  Import took 0.008141 seconds .

========================================================================
Received Import Request.
  Time since last request: 0.000193 seconds.
  path: Assets/p_pod_emission.jpg
  artifactKey: Guid(a033fb9dd1599430b81458db9f6973dd) Importer(815301076,1909f56bfc062723c751e8b465ee728b)
Start importing Assets/p_pod_emission.jpg using Guid(a033fb9dd1599430b81458db9f6973dd) Importer(815301076,1909f56bfc062723c751e8b465ee728b)  -> (artifact id: '5c760daad3777e5262474b98075b258d') in 0.005075 seconds
  Import took 0.007021 seconds .

========================================================================
Received Import Request.
  Time since last request: 0.000157 seconds.
  path: Assets/p_pod_spec.jpg
  artifactKey: Guid(5d6c1e17b6be5436faaf2ffa42007441) Importer(815301076,1909f56bfc062723c751e8b465ee728b)
Start importing Assets/p_pod_spec.jpg using Guid(5d6c1e17b6be5436faaf2ffa42007441) Importer(815301076,1909f56bfc062723c751e8b465ee728b)  -> (artifact id: '75e851f98f41d318888addf30a3e1e40') in 0.005982 seconds
  Import took 0.007956 seconds .

========================================================================
Received Import Request.
  Time since last request: 1.223874 seconds.
  path: Assets/p_pod_normal.jpg
  artifactKey: Guid(48201462819194ec1a49587f93ab9a8a) Importer(815301076,1909f56bfc062723c751e8b465ee728b)
Start importing Assets/p_pod_normal.jpg using Guid(48201462819194ec1a49587f93ab9a8a) Importer(815301076,1909f56bfc062723c751e8b465ee728b)  -> (artifact id: '34466051a9928acdae1ff1f8a12f500e') in 0.033079 seconds
  Import took 0.035343 seconds .

========================================================================
Received Import Request.
  Time since last request: 43.669006 seconds.
  path: Assets/hextraction_pod.fbx
  artifactKey: Guid(ca9b2aff78c2f411d94db95679cef0b3) Importer(815301076,1909f56bfc062723c751e8b465ee728b)
Start importing Assets/hextraction_pod.fbx using Guid(ca9b2aff78c2f411d94db95679cef0b3) Importer(815301076,1909f56bfc062723c751e8b465ee728b)  -> (artifact id: '6735ac9195ab9bff3e8d3425481b58bc') in 0.115119 seconds
  Import took 0.117820 seconds .

========================================================================
Received Import Request.
  Time since last request: 404.074701 seconds.
  path: Assets/Prefabs/hextraction_pod.prefab
  artifactKey: Guid(683055a5534d44a77a2854e3a7b9bd81) Importer(815301076,1909f56bfc062723c751e8b465ee728b)
Start importing Assets/Prefabs/hextraction_pod.prefab using Guid(683055a5534d44a77a2854e3a7b9bd81) Importer(815301076,1909f56bfc062723c751e8b465ee728b)  -> (artifact id: '7c4e1d0bacfbfc7e0803876b69628947') in 0.156106 seconds
  Import took 0.159018 seconds .

========================================================================
Received Import Request.
  Time since last request: 133.307569 seconds.
  path: Assets/Prefabs/hextraction_pod.prefab
  artifactKey: Guid(683055a5534d44a77a2854e3a7b9bd81) Importer(815301076,1909f56bfc062723c751e8b465ee728b)
Start importing Assets/Prefabs/hextraction_pod.prefab using Guid(683055a5534d44a77a2854e3a7b9bd81) Importer(815301076,1909f56bfc062723c751e8b465ee728b)  -> (artifact id: '0598b9054c5a06a1e3e8f036ad154ce6') in 0.018904 seconds
  Import took 0.021593 seconds .

========================================================================
Received Import Request.
  Time since last request: 191.062715 seconds.
  path: Assets/Prefabs/hextraction_pod.prefab
  artifactKey: Guid(683055a5534d44a77a2854e3a7b9bd81) Importer(815301076,1909f56bfc062723c751e8b465ee728b)
Start importing Assets/Prefabs/hextraction_pod.prefab using Guid(683055a5534d44a77a2854e3a7b9bd81) Importer(815301076,1909f56bfc062723c751e8b465ee728b)  -> (artifact id: 'b606861e9fa95d6a3a4fbc05b41b93ce') in 0.023565 seconds
  Import took 0.026330 seconds .

========================================================================
Received Import Request.
  Time since last request: 3.421877 seconds.
  path: Assets/Prefabs/hextraction_pod.prefab
  artifactKey: Guid(683055a5534d44a77a2854e3a7b9bd81) Importer(815301076,1909f56bfc062723c751e8b465ee728b)
Start importing Assets/Prefabs/hextraction_pod.prefab using Guid(683055a5534d44a77a2854e3a7b9bd81) Importer(815301076,1909f56bfc062723c751e8b465ee728b)  -> (artifact id: '53d4f4fb4ceb451bb3c317fe7ff28085') in 0.018189 seconds
  Import took 0.020851 seconds .

========================================================================
Received Import Request.
  Time since last request: 862.828933 seconds.
  path: Assets/Prefabs/Bullet.prefab
  artifactKey: Guid(fc2a8d501baca4bdebc391c608e69aa6) Importer(815301076,1909f56bfc062723c751e8b465ee728b)
Start importing Assets/Prefabs/Bullet.prefab using Guid(fc2a8d501baca4bdebc391c608e69aa6) Importer(815301076,1909f56bfc062723c751e8b465ee728b)  -> (artifact id: '2f56dcba8422507a8e267bd004ab4e44') in 0.011125 seconds
  Import took 0.013621 seconds .

========================================================================
Received Import Request.
  Time since last request: 0.005303 seconds.
  path: Assets/Prefabs/Bullet.prefab
  artifactKey: Guid(fc2a8d501baca4bdebc391c608e69aa6) Importer(815301076,1909f56bfc062723c751e8b465ee728b)
Start importing Assets/Prefabs/Bullet.prefab using Guid(fc2a8d501baca4bdebc391c608e69aa6) Importer(815301076,1909f56bfc062723c751e8b465ee728b)  -> (artifact id: '2f56dcba8422507a8e267bd004ab4e44') in 0.008463 seconds
  Import took 0.010623 seconds .

========================================================================
Received Import Request.
  Time since last request: 100.363784 seconds.
  path: Assets/Models/rock_d_05.obj
  artifactKey: Guid(35bde7bf97c444f30a4c012759796e22) Importer(815301076,1909f56bfc062723c751e8b465ee728b)
Start importing Assets/Models/rock_d_05.obj using Guid(35bde7bf97c444f30a4c012759796e22) Importer(815301076,1909f56bfc062723c751e8b465ee728b)  -> (artifact id: 'b379129c7595f6e02581065eb6d3944c') in 1.680235 seconds
  Import took 1.682454 seconds .

========================================================================
Received Import Request.
  Time since last request: 14.694877 seconds.
  path: Assets/Models/Asteroid.obj
  artifactKey: Guid(35bde7bf97c444f30a4c012759796e22) Importer(815301076,1909f56bfc062723c751e8b465ee728b)
Start importing Assets/Models/Asteroid.obj using Guid(35bde7bf97c444f30a4c012759796e22) Importer(815301076,1909f56bfc062723c751e8b465ee728b)  -> (artifact id: '80cde9e571e864875333107033040330') in 0.017346 seconds
  Import took 0.019636 seconds .

========================================================================
Received Import Request.
  Time since last request: 109.673831 seconds.
  path: Assets/Materials/Asteroid.mat
  artifactKey: Guid(af7c749731d2d43fead08d5adffae90c) Importer(815301076,1909f56bfc062723c751e8b465ee728b)
Start importing Assets/Materials/Asteroid.mat using Guid(af7c749731d2d43fead08d5adffae90c) Importer(815301076,1909f56bfc062723c751e8b465ee728b)  -> (artifact id: 'a5206c062077214ffd55c3fc164cea55') in 0.129762 seconds
  Import took 0.132350 seconds .

========================================================================
Received Import Request.
  Time since last request: 751.544657 seconds.
  path: Assets/Prefabs/Asteroid.prefab
  artifactKey: Guid(1f59e531d1032493b9be88f78d05e253) Importer(815301076,1909f56bfc062723c751e8b465ee728b)
Start importing Assets/Prefabs/Asteroid.prefab using Guid(1f59e531d1032493b9be88f78d05e253) Importer(815301076,1909f56bfc062723c751e8b465ee728b)  -> (artifact id: '35489413e14c2a8f70d53307d3bd5a49') in 0.011594 seconds
  Import took 0.013999 seconds .

========================================================================
Received Import Request.
  Time since last request: 0.006460 seconds.
  path: Assets/Prefabs/Asteroid.prefab
  artifactKey: Guid(1f59e531d1032493b9be88f78d05e253) Importer(815301076,1909f56bfc062723c751e8b465ee728b)
Start importing Assets/Prefabs/Asteroid.prefab using Guid(1f59e531d1032493b9be88f78d05e253) Importer(815301076,1909f56bfc062723c751e8b465ee728b)  -> (artifact id: '35489413e14c2a8f70d53307d3bd5a49') in 0.011237 seconds
  Import took 0.014033 seconds .

========================================================================
Received Prepare
Registering precompiled user dll's ...
Registered in 0.000268 seconds.
Begin MonoManager ReloadAssembly
Native extension for OSXStandalone target not found
Refreshing native plugins compatible for Editor in 0.23 ms, found 1 plugins.
Preloading 0 native plugins for Editor in 0.00 ms.
Invoked RoslynAnalysisRunner static constructor.
RoslynAnalysisRunner will not be running.
RoslynAnalysisRunner has terminated.
Mono: successfully reloaded assembly
- Completed reload, in  0.750 seconds
Platform modules already initialized, skipping
Refreshing native plugins compatible for Editor in 0.20 ms, found 1 plugins.
Preloading 0 native plugins for Editor in 0.00 ms.
Unloading 1096 Unused Serialized files (Serialized files now loaded: 0)
System memory in use before: 165.4 MB.
System memory in use after: 165.5 MB.

Unloading 6 unused Assets to reduce memory usage. Loaded Objects now: 1603.
Total: 1.785326 ms (FindLiveObjects: 0.172277 ms CreateObjectMapping: 0.048432 ms MarkObjects: 1.520670 ms  DeleteObjects: 0.042945 ms)

========================================================================
Received Prepare
Registering precompiled user dll's ...
Registered in 0.000342 seconds.
Begin MonoManager ReloadAssembly
Native extension for OSXStandalone target not found
Refreshing native plugins compatible for Editor in 0.22 ms, found 1 plugins.
Preloading 0 native plugins for Editor in 0.00 ms.
Invoked RoslynAnalysisRunner static constructor.
RoslynAnalysisRunner will not be running.
RoslynAnalysisRunner has terminated.
Mono: successfully reloaded assembly
- Completed reload, in  0.737 seconds
Platform modules already initialized, skipping
Refreshing native plugins compatible for Editor in 0.21 ms, found 1 plugins.
Preloading 0 native plugins for Editor in 0.00 ms.
Unloading 1096 Unused Serialized files (Serialized files now loaded: 0)
System memory in use before: 165.8 MB.
System memory in use after: 165.9 MB.

Unloading 5 unused Assets to reduce memory usage. Loaded Objects now: 1605.
Total: 1.825962 ms (FindLiveObjects: 0.169936 ms CreateObjectMapping: 0.034857 ms MarkObjects: 1.575392 ms  DeleteObjects: 0.044791 ms)

========================================================================
Received Import Request.
  Time since last request: 753.997102 seconds.
  path: Assets/Prefabs/Bullet.prefab
  artifactKey: Guid(fc2a8d501baca4bdebc391c608e69aa6) Importer(815301076,1909f56bfc062723c751e8b465ee728b)
Start importing Assets/Prefabs/Bullet.prefab using Guid(fc2a8d501baca4bdebc391c608e69aa6) Importer(815301076,1909f56bfc062723c751e8b465ee728b)  -> (artifact id: '4aab355e17712bcd5fd05a64fc583980') in 0.053091 seconds
  Import took 0.055249 seconds .

========================================================================
Received Prepare
Registering precompiled user dll's ...
Registered in 0.000370 seconds.
Begin MonoManager ReloadAssembly
Native extension for OSXStandalone target not found
Refreshing native plugins compatible for Editor in 0.23 ms, found 1 plugins.
Preloading 0 native plugins for Editor in 0.00 ms.
Invoked RoslynAnalysisRunner static constructor.
RoslynAnalysisRunner will not be running.
RoslynAnalysisRunner has terminated.
Mono: successfully reloaded assembly
- Completed reload, in  0.764 seconds
Platform modules already initialized, skipping
Refreshing native plugins compatible for Editor in 0.20 ms, found 1 plugins.
Preloading 0 native plugins for Editor in 0.00 ms.
Unloading 1096 Unused Serialized files (Serialized files now loaded: 0)
System memory in use before: 166.3 MB.
System memory in use after: 166.4 MB.

Unloading 6 unused Assets to reduce memory usage. Loaded Objects now: 1608.
Total: 1.764757 ms (FindLiveObjects: 0.185514 ms CreateObjectMapping: 0.033531 ms MarkObjects: 1.501431 ms  DeleteObjects: 0.043180 ms)

========================================================================
Received Prepare
Registering precompiled user dll's ...
Registered in 0.000341 seconds.
Begin MonoManager ReloadAssembly
Native extension for OSXStandalone target not found
Refreshing native plugins compatible for Editor in 0.23 ms, found 1 plugins.
Preloading 0 native plugins for Editor in 0.00 ms.
Invoked RoslynAnalysisRunner static constructor.
RoslynAnalysisRunner will not be running.
RoslynAnalysisRunner has terminated.
Mono: successfully reloaded assembly
- Completed reload, in  0.734 seconds
Platform modules already initialized, skipping
Refreshing native plugins compatible for Editor in 0.20 ms, found 1 plugins.
Preloading 0 native plugins for Editor in 0.00 ms.
Unloading 1096 Unused Serialized files (Serialized files now loaded: 0)
System memory in use before: 166.7 MB.
System memory in use after: 166.7 MB.

Unloading 5 unused Assets to reduce memory usage. Loaded Objects now: 1610.
Total: 1.722926 ms (FindLiveObjects: 0.159430 ms CreateObjectMapping: 0.027424 ms MarkObjects: 1.498356 ms  DeleteObjects: 0.036918 ms)

